TN:
SF:src\app\app.component.ts
FN:23,(anonymous_0)
FNF:1
FNH:1
FNDA:2,(anonymous_0)
DA:23,1
DA:24,2
LF:2
LH:2
BRF:0
BRH:0
end_of_record
TN:
SF:src\app\components\footer\footer.component.ts
FNF:0
FNH:0
DA:16,1
LF:1
LH:1
BRF:0
BRH:0
end_of_record
TN:
SF:src\app\components\header\header.component.ts
FN:55,(anonymous_0)
FN:63,(anonymous_1)
FN:66,(anonymous_2)
FN:67,(anonymous_3)
FN:69,(anonymous_4)
FN:81,(anonymous_5)
FN:95,(anonymous_6)
FN:108,(anonymous_7)
FN:118,(anonymous_8)
FN:134,(anonymous_9)
FN:137,(anonymous_10)
FNF:11
FNH:9
FNDA:3,(anonymous_0)
FNDA:1,(anonymous_1)
FNDA:1,(anonymous_2)
FNDA:1,(anonymous_3)
FNDA:1,(anonymous_4)
FNDA:3,(anonymous_5)
FNDA:1,(anonymous_6)
FNDA:9,(anonymous_7)
FNDA:1,(anonymous_8)
FNDA:0,(anonymous_9)
FNDA:0,(anonymous_10)
DA:24,1
DA:31,3
DA:37,3
DA:43,3
DA:55,3
DA:64,1
DA:65,1
DA:66,1
DA:67,1
DA:69,1
DA:70,1
DA:71,1
DA:72,1
DA:82,3
DA:83,1
DA:85,3
DA:86,1
DA:96,1
DA:97,1
DA:98,1
DA:99,1
DA:109,9
DA:119,1
DA:120,1
DA:121,1
DA:122,1
DA:123,1
DA:135,0
DA:136,0
DA:137,0
DA:138,0
LF:31
LH:27
BRDA:70,0,0,1
BRDA:70,0,1,0
BRDA:71,1,0,1
BRDA:71,1,1,1
BRDA:82,2,0,1
BRDA:85,3,0,1
BRDA:97,4,0,1
BRDA:120,5,0,1
BRDA:122,6,0,1
BRF:9
BRH:8
end_of_record
TN:
SF:src\app\pages\home\home.component.ts
FN:93,(anonymous_0)
FN:115,(anonymous_1)
FN:120,(anonymous_2)
FN:121,(anonymous_3)
FN:131,(anonymous_4)
FN:142,(anonymous_5)
FN:143,(anonymous_6)
FN:156,(anonymous_7)
FN:171,(anonymous_8)
FN:176,(anonymous_9)
FN:203,(anonymous_10)
FN:223,(anonymous_11)
FN:229,(anonymous_12)
FN:245,(anonymous_13)
FN:252,(anonymous_14)
FN:260,(anonymous_15)
FN:270,(anonymous_16)
FN:276,(anonymous_17)
FN:278,(anonymous_18)
FN:281,(anonymous_19)
FN:284,(anonymous_20)
FN:292,(anonymous_21)
FN:307,(anonymous_22)
FN:334,(anonymous_23)
FN:348,(anonymous_24)
FN:360,(anonymous_25)
FNF:26
FNH:13
FNDA:5,(anonymous_0)
FNDA:7,(anonymous_1)
FNDA:0,(anonymous_2)
FNDA:0,(anonymous_3)
FNDA:5,(anonymous_4)
FNDA:8,(anonymous_5)
FNDA:8,(anonymous_6)
FNDA:7,(anonymous_7)
FNDA:0,(anonymous_8)
FNDA:0,(anonymous_9)
FNDA:1,(anonymous_10)
FNDA:0,(anonymous_11)
FNDA:0,(anonymous_12)
FNDA:0,(anonymous_13)
FNDA:1,(anonymous_14)
FNDA:1,(anonymous_15)
FNDA:0,(anonymous_16)
FNDA:2,(anonymous_17)
FNDA:2,(anonymous_18)
FNDA:1,(anonymous_19)
FNDA:1,(anonymous_20)
FNDA:0,(anonymous_21)
FNDA:0,(anonymous_22)
FNDA:0,(anonymous_23)
FNDA:0,(anonymous_24)
FNDA:0,(anonymous_25)
DA:25,1
DA:31,5
DA:45,5
DA:77,5
DA:84,5
DA:90,5
DA:93,5
DA:94,5
DA:101,5
DA:116,7
DA:117,7
DA:119,7
DA:120,0
DA:122,0
DA:132,5
DA:133,5
DA:143,8
DA:144,8
DA:145,8
DA:157,7
DA:158,7
DA:159,7
DA:160,7
DA:173,0
DA:176,0
DA:178,0
DA:180,0
DA:183,0
DA:187,0
DA:190,0
DA:193,0
DA:204,1
DA:205,1
DA:207,1
DA:208,1
DA:211,1
DA:212,1
DA:213,1
DA:224,0
DA:225,0
DA:228,0
DA:230,0
DA:231,0
DA:232,0
DA:235,0
DA:238,0
DA:239,0
DA:240,0
DA:243,0
DA:246,0
DA:254,1
DA:257,1
DA:262,1
DA:265,1
DA:271,0
DA:272,0
DA:273,0
DA:278,2
DA:282,1
DA:283,1
DA:285,1
DA:286,1
DA:287,1
DA:288,1
DA:289,1
DA:290,1
DA:293,0
DA:309,0
DA:310,0
DA:318,0
DA:319,0
DA:320,0
DA:321,0
DA:335,0
DA:336,0
DA:339,0
DA:346,0
DA:347,0
DA:349,0
DA:350,0
DA:353,0
DA:354,0
DA:355,0
DA:358,0
DA:361,0
DA:365,0
LF:86
LH:41
BRDA:132,0,0,5
BRDA:158,1,0,7
BRDA:178,2,0,0
BRDA:178,2,1,0
BRDA:207,3,0,1
BRDA:211,4,0,1
BRDA:224,5,0,0
BRDA:282,6,0,1
BRDA:319,7,0,0
BRDA:335,8,0,0
BRDA:346,9,0,0
BRDA:346,9,1,0
BRF:12
BRH:5
end_of_record
TN:
SF:src\app\pages\login\login.component.ts
FN:30,(anonymous_0)
FN:32,(anonymous_1)
FN:39,(anonymous_2)
FNF:3
FNH:3
FNDA:3,(anonymous_0)
FNDA:3,(anonymous_1)
FNDA:2,(anonymous_2)
DA:21,1
DA:24,3
DA:25,3
DA:28,3
DA:30,3
DA:33,3
DA:40,2
DA:42,2
DA:43,0
DA:46,2
DA:47,2
DA:49,2
DA:50,2
DA:51,2
DA:52,1
DA:62,1
DA:63,1
DA:64,1
DA:65,1
DA:66,1
DA:68,1
DA:69,1
DA:72,0
DA:73,0
LF:24
LH:21
BRDA:42,0,0,0
BRDA:51,1,0,1
BRDA:51,1,1,1
BRF:3
BRH:2
end_of_record
TN:
SF:src\app\pages\orders\orders.component.ts
FN:20,(anonymous_0)
FN:24,(anonymous_1)
FN:33,(anonymous_2)
FN:37,(anonymous_3)
FN:45,(anonymous_4)
FN:48,(anonymous_5)
FNF:6
FNH:5
FNDA:4,(anonymous_0)
FNDA:5,(anonymous_1)
FNDA:5,(anonymous_2)
FNDA:0,(anonymous_3)
FNDA:1,(anonymous_4)
FNDA:1,(anonymous_5)
DA:14,1
DA:16,4
DA:17,4
DA:20,4
DA:21,4
DA:26,5
DA:27,5
DA:28,5
DA:29,5
DA:32,5
DA:34,5
DA:35,5
DA:38,0
DA:47,1
DA:48,1
DA:50,0
LF:16
LH:14
BRDA:27,0,0,5
BRDA:47,1,0,1
BRDA:47,1,1,0
BRF:3
BRH:2
end_of_record
TN:
SF:src\app\pages\perfil\perfil.component.ts
FN:37,(anonymous_0)
FN:46,(anonymous_1)
FN:61,(anonymous_2)
FN:78,(anonymous_3)
FN:88,(anonymous_4)
FN:89,(anonymous_5)
FN:115,(anonymous_6)
FN:127,(anonymous_7)
FN:139,(anonymous_8)
FN:141,(anonymous_9)
FN:145,(anonymous_10)
FN:156,(anonymous_11)
FNF:12
FNH:7
FNDA:4,(anonymous_0)
FNDA:4,(anonymous_1)
FNDA:5,(anonymous_2)
FNDA:1,(anonymous_3)
FNDA:4,(anonymous_4)
FNDA:12,(anonymous_5)
FNDA:46,(anonymous_6)
FNDA:0,(anonymous_7)
FNDA:0,(anonymous_8)
FNDA:0,(anonymous_9)
FNDA:0,(anonymous_10)
FNDA:0,(anonymous_11)
DA:22,1
DA:35,4
DA:37,4
DA:47,4
DA:58,4
DA:62,5
DA:63,5
DA:65,5
DA:67,5
DA:80,1
DA:89,4
DA:90,12
DA:91,12
DA:93,12
DA:94,0
DA:96,12
DA:97,0
DA:99,12
DA:100,0
DA:102,12
DA:103,0
DA:105,12
DA:116,46
DA:117,46
DA:118,46
DA:128,0
DA:129,0
DA:130,0
DA:131,0
DA:133,0
DA:134,0
DA:136,0
DA:138,0
DA:140,0
DA:141,0
DA:142,0
DA:146,0
DA:157,0
LF:38
LH:21
BRDA:62,0,0,5
BRDA:62,0,1,4
BRDA:63,1,0,5
BRDA:93,2,0,0
BRDA:93,3,0,12
BRDA:93,3,1,0
BRDA:96,4,0,0
BRDA:96,5,0,12
BRDA:96,5,1,0
BRDA:99,6,0,0
BRDA:99,7,0,12
BRDA:99,7,1,0
BRDA:102,8,0,0
BRDA:102,9,0,12
BRDA:102,9,1,0
BRDA:105,10,0,0
BRDA:105,10,1,12
BRDA:118,11,0,46
BRDA:118,11,1,0
BRDA:128,12,0,0
BRDA:130,13,0,0
BRDA:130,13,1,0
BRDA:133,14,0,0
BRF:23
BRH:9
end_of_record
TN:
SF:src\app\pages\sales\sales.component.ts
FN:22,(anonymous_0)
FN:24,(anonymous_1)
FN:34,(anonymous_2)
FN:37,(anonymous_3)
FN:44,(anonymous_4)
FN:48,(anonymous_5)
FN:51,(anonymous_6)
FN:59,(anonymous_7)
FNF:8
FNH:6
FNDA:5,(anonymous_0)
FNDA:6,(anonymous_1)
FNDA:6,(anonymous_2)
FNDA:0,(anonymous_3)
FNDA:1,(anonymous_4)
FNDA:1,(anonymous_5)
FNDA:0,(anonymous_6)
FNDA:1,(anonymous_7)
DA:16,1
DA:18,5
DA:19,5
DA:20,5
DA:22,5
DA:26,6
DA:27,6
DA:28,0
DA:29,0
DA:33,6
DA:35,6
DA:38,0
DA:45,1
DA:47,1
DA:49,1
DA:52,0
DA:53,0
DA:60,1
DA:61,1
DA:63,1
DA:64,1
DA:67,1
DA:68,1
DA:69,1
LF:24
LH:19
BRDA:27,0,0,0
BRDA:63,1,0,1
BRDA:67,2,0,1
BRF:3
BRH:2
end_of_record
TN:
SF:src\app\pages\sign-up\sign-up.component.ts
FN:20,(anonymous_0)
FN:22,(anonymous_1)
FN:39,(anonymous_2)
FN:48,(anonymous_3)
FN:61,(anonymous_4)
FN:70,(anonymous_5)
FN:80,(anonymous_6)
FN:102,(anonymous_7)
FN:113,(anonymous_8)
FNF:9
FNH:4
FNDA:8,(anonymous_0)
FNDA:8,(anonymous_1)
FNDA:78,(anonymous_2)
FNDA:30,(anonymous_3)
FNDA:0,(anonymous_4)
FNDA:0,(anonymous_5)
FNDA:0,(anonymous_6)
FNDA:0,(anonymous_7)
FNDA:0,(anonymous_8)
DA:15,1
DA:17,8
DA:18,8
DA:20,8
DA:23,8
DA:40,78
DA:41,78
DA:42,78
DA:43,6
DA:45,72
DA:49,30
DA:50,30
DA:52,6
DA:53,6
DA:54,6
DA:55,6
DA:56,6
DA:58,6
DA:62,0
DA:63,0
DA:64,0
DA:66,0
DA:67,0
DA:68,0
DA:69,0
DA:70,0
DA:71,0
DA:72,0
DA:74,0
DA:77,0
DA:78,0
DA:79,0
DA:80,0
DA:81,0
DA:82,0
DA:84,0
DA:87,0
DA:98,0
DA:99,0
DA:100,0
DA:102,0
DA:103,0
DA:104,0
DA:108,0
DA:114,0
LF:45
LH:18
BRDA:42,0,0,6
BRDA:42,1,0,78
BRDA:42,1,1,78
BRDA:42,1,2,78
BRDA:50,2,0,24
BRDA:53,3,0,1
BRDA:54,4,0,1
BRDA:55,5,0,1
BRDA:56,6,0,1
BRDA:58,7,0,4
BRDA:58,7,1,2
BRDA:62,8,0,0
BRDA:68,9,0,0
BRDA:78,10,0,0
BRF:14
BRH:11
end_of_record
TN:
SF:src\app\pages\users\users.component.ts
FN:28,(anonymous_0)
FN:35,(anonymous_1)
FN:45,(anonymous_2)
FN:47,(anonymous_3)
FN:54,(anonymous_4)
FN:65,(anonymous_5)
FN:77,(anonymous_6)
FN:81,(anonymous_7)
FN:99,(anonymous_8)
FN:108,(anonymous_9)
FNF:10
FNH:9
FNDA:7,(anonymous_0)
FNDA:2,(anonymous_1)
FNDA:3,(anonymous_2)
FNDA:2,(anonymous_3)
FNDA:1,(anonymous_4)
FNDA:0,(anonymous_5)
FNDA:3,(anonymous_6)
FNDA:1,(anonymous_7)
FNDA:1,(anonymous_8)
FNDA:1,(anonymous_9)
DA:16,1
DA:18,7
DA:19,7
DA:28,7
DA:36,2
DA:37,2
DA:46,3
DA:48,2
DA:49,2
DA:51,0
DA:55,1
DA:66,0
DA:67,0
DA:68,0
DA:78,3
DA:79,2
DA:82,1
DA:83,1
DA:84,1
DA:87,1
DA:88,1
DA:89,1
DA:90,1
DA:91,0
DA:93,1
DA:96,0
DA:100,1
DA:104,1
DA:109,1
DA:110,1
DA:112,1
DA:113,1
DA:116,1
DA:117,1
DA:118,1
LF:35
LH:29
BRDA:48,0,0,2
BRDA:48,0,1,0
BRDA:78,1,0,2
BRDA:78,1,1,1
BRDA:78,2,0,3
BRDA:78,2,1,3
BRDA:88,3,0,1
BRDA:88,3,1,0
BRDA:90,4,0,0
BRDA:90,4,1,1
BRDA:112,5,0,1
BRDA:116,6,0,1
BRF:12
BRH:9
end_of_record
TN:
SF:src\app\service\order.service.ts
FN:13,(anonymous_0)
FN:20,(anonymous_1)
FN:29,(anonymous_2)
FN:33,(anonymous_3)
FN:42,(anonymous_4)
FN:44,(anonymous_5)
FN:48,(anonymous_6)
FN:57,(anonymous_7)
FNF:8
FNH:0
FNDA:0,(anonymous_0)
FNDA:0,(anonymous_1)
FNDA:0,(anonymous_2)
FNDA:0,(anonymous_3)
FNDA:0,(anonymous_4)
FNDA:0,(anonymous_5)
FNDA:0,(anonymous_6)
FNDA:0,(anonymous_7)
DA:9,1
DA:11,0
DA:13,0
DA:21,0
DA:30,0
DA:34,0
DA:43,0
DA:44,0
DA:49,0
DA:58,0
LF:10
LH:1
BRF:0
BRH:0
end_of_record
TN:
SF:src\app\service\product.service.ts
FN:16,(anonymous_0)
FN:19,(anonymous_1)
FN:24,(anonymous_2)
FN:29,(anonymous_3)
FN:34,(anonymous_4)
FN:39,(anonymous_5)
FN:45,(anonymous_6)
FN:47,(anonymous_7)
FN:62,(anonymous_8)
FN:67,(anonymous_9)
FN:69,(anonymous_10)
FN:78,(anonymous_11)
FN:80,(anonymous_12)
FN:89,(anonymous_13)
FN:94,(anonymous_14)
FN:96,(anonymous_15)
FN:101,(anonymous_16)
FN:108,(anonymous_17)
FNF:18
FNH:2
FNDA:2,(anonymous_0)
FNDA:0,(anonymous_1)
FNDA:0,(anonymous_2)
FNDA:0,(anonymous_3)
FNDA:0,(anonymous_4)
FNDA:0,(anonymous_5)
FNDA:0,(anonymous_6)
FNDA:0,(anonymous_7)
FNDA:0,(anonymous_8)
FNDA:0,(anonymous_9)
FNDA:0,(anonymous_10)
FNDA:0,(anonymous_11)
FNDA:0,(anonymous_12)
FNDA:2,(anonymous_13)
FNDA:0,(anonymous_14)
FNDA:0,(anonymous_15)
FNDA:0,(anonymous_16)
FNDA:0,(anonymous_17)
DA:9,1
DA:10,2
DA:13,2
DA:14,2
DA:16,2
DA:20,0
DA:25,0
DA:30,0
DA:35,0
DA:40,0
DA:46,0
DA:47,0
DA:49,0
DA:51,0
DA:54,0
DA:58,0
DA:63,0
DA:68,0
DA:69,0
DA:71,0
DA:72,0
DA:73,0
DA:79,0
DA:80,0
DA:82,0
DA:83,0
DA:84,0
DA:90,2
DA:91,2
DA:95,0
DA:96,0
DA:97,0
DA:102,0
DA:103,0
DA:109,0
DA:110,0
LF:36
LH:7
BRDA:49,0,0,0
BRDA:49,0,1,0
BRDA:71,1,0,0
BRDA:82,2,0,0
BRDA:82,3,0,0
BRDA:82,3,1,0
BRDA:91,4,0,0
BRDA:91,4,1,2
BRF:8
BRH:1
end_of_record
TN:
SF:src\app\service\user-session.service.ts
FN:12,(anonymous_0)
FN:32,(anonymous_1)
FN:39,(anonymous_2)
FNF:3
FNH:1
FNDA:2,(anonymous_0)
FNDA:0,(anonymous_1)
FNDA:0,(anonymous_2)
DA:12,1
DA:19,2
DA:25,2
DA:33,0
DA:40,0
LF:5
LH:3
BRF:0
BRH:0
end_of_record
TN:
SF:src\app\service\users.service.ts
FN:12,(anonymous_0)
FN:15,(anonymous_1)
FN:19,(anonymous_2)
FN:24,(anonymous_3)
FN:29,(anonymous_4)
FN:34,(anonymous_5)
FN:39,(anonymous_6)
FN:44,(anonymous_7)
FN:49,(anonymous_8)
FN:54,(anonymous_9)
FNF:10
FNH:0
FNDA:0,(anonymous_0)
FNDA:0,(anonymous_1)
FNDA:0,(anonymous_2)
FNDA:0,(anonymous_3)
FNDA:0,(anonymous_4)
FNDA:0,(anonymous_5)
FNDA:0,(anonymous_6)
FNDA:0,(anonymous_7)
FNDA:0,(anonymous_8)
FNDA:0,(anonymous_9)
DA:9,1
DA:10,0
DA:12,0
DA:16,0
DA:20,0
DA:25,0
DA:30,0
DA:35,0
DA:40,0
DA:45,0
DA:50,0
DA:55,0
LF:12
LH:1
BRF:0
BRH:0
end_of_record
TN:
SF:src\app\validators\rut.validator.ts
FN:11,validarRut
FNF:1
FNH:1
FNDA:41,validarRut
DA:12,41
DA:13,41
DA:14,40
DA:18,1
DA:21,1
DA:22,0
DA:26,1
DA:27,1
DA:28,1
DA:29,1
DA:31,1
DA:32,8
DA:33,8
DA:36,1
DA:37,1
DA:39,1
DA:40,1
DA:43,0
LF:18
LH:16
BRDA:13,0,0,40
BRDA:21,1,0,0
BRDA:33,2,0,1
BRDA:33,2,1,7
BRDA:37,3,0,0
BRDA:37,3,1,1
BRDA:37,4,0,0
BRDA:37,4,1,1
BRDA:39,5,0,1
BRF:9
BRH:6
end_of_record
